INFO: [VRFC 10-2263] Analyzing Verilog file "C:/Users/nguye/Desktop/LAB/SoC/BTL/mac-tvla-verification/mac_core/mac_core.sim/sim_1/impl/timing/xsim/tb_mac_core_time_impl.v" into library xil_defaultlib
INFO: [VRFC 10-311] analyzing module DSP48E2_UNIQ_BASE_
INFO: [VRFC 10-311] analyzing module DSP48E2_HD252
INFO: [VRFC 10-311] analyzing module DSP48E2_HD253
INFO: [VRFC 10-311] analyzing module DSP48E2_HD254
INFO: [VRFC 10-311] analyzing module IBUF_UNIQ_BASE_
INFO: [VRFC 10-311] analyzing module IBUF_HD217
INFO: [VRFC 10-311] analyzing module IBUF_HD218
INFO: [VRFC 10-311] analyzing module IBUF_HD219
INFO: [VRFC 10-311] analyzing module IBUF_HD220
INFO: [VRFC 10-311] analyzing module IBUF_HD221
INFO: [VRFC 10-311] analyzing module IBUF_HD222
INFO: [VRFC 10-311] analyzing module IBUF_HD223
INFO: [VRFC 10-311] analyzing module IBUF_HD224
INFO: [VRFC 10-311] analyzing module IBUF_HD225
INFO: [VRFC 10-311] analyzing module IBUF_HD226
INFO: [VRFC 10-311] analyzing module IBUF_HD227
INFO: [VRFC 10-311] analyzing module IBUF_HD228
INFO: [VRFC 10-311] analyzing module IBUF_HD229
INFO: [VRFC 10-311] analyzing module IBUF_HD230
INFO: [VRFC 10-311] analyzing module IBUF_HD231
INFO: [VRFC 10-311] analyzing module IBUF_HD232
INFO: [VRFC 10-311] analyzing module IBUF_HD233
INFO: [VRFC 10-311] analyzing module IBUF_HD234
INFO: [VRFC 10-311] analyzing module IBUF_HD235
INFO: [VRFC 10-311] analyzing module IBUF_HD236
INFO: [VRFC 10-311] analyzing module IBUF_HD237
INFO: [VRFC 10-311] analyzing module IBUF_HD238
INFO: [VRFC 10-311] analyzing module IBUF_HD239
INFO: [VRFC 10-311] analyzing module IBUF_HD240
INFO: [VRFC 10-311] analyzing module IBUF_HD241
INFO: [VRFC 10-311] analyzing module IBUF_HD242
INFO: [VRFC 10-311] analyzing module IBUF_HD243
INFO: [VRFC 10-311] analyzing module IBUF_HD244
INFO: [VRFC 10-311] analyzing module IBUF_HD245
INFO: [VRFC 10-311] analyzing module IBUF_HD246
INFO: [VRFC 10-311] analyzing module IBUF_HD247
INFO: [VRFC 10-311] analyzing module IBUF_HD248
INFO: [VRFC 10-311] analyzing module IBUF_HD249
INFO: [VRFC 10-311] analyzing module IBUF_HD250
INFO: [VRFC 10-311] analyzing module IBUF_HD251
INFO: [VRFC 10-311] analyzing module IBUF_HD255
INFO: [VRFC 10-311] analyzing module IBUF_HD256
INFO: [VRFC 10-311] analyzing module IBUF_HD257
INFO: [VRFC 10-311] analyzing module IBUF_HD258
INFO: [VRFC 10-311] analyzing module IBUF_HD259
INFO: [VRFC 10-311] analyzing module IBUF_HD260
INFO: [VRFC 10-311] analyzing module IBUF_HD261
INFO: [VRFC 10-311] analyzing module IBUF_HD262
INFO: [VRFC 10-311] analyzing module IBUF_HD263
INFO: [VRFC 10-311] analyzing module IBUF_HD264
INFO: [VRFC 10-311] analyzing module IBUF_HD265
INFO: [VRFC 10-311] analyzing module IBUF_HD266
INFO: [VRFC 10-311] analyzing module IBUF_HD267
INFO: [VRFC 10-311] analyzing module IBUF_HD268
INFO: [VRFC 10-311] analyzing module IBUF_HD269
INFO: [VRFC 10-311] analyzing module IBUF_HD270
INFO: [VRFC 10-311] analyzing module IBUF_HD271
INFO: [VRFC 10-311] analyzing module IBUF_HD272
INFO: [VRFC 10-311] analyzing module IBUF_HD273
INFO: [VRFC 10-311] analyzing module IBUF_HD274
INFO: [VRFC 10-311] analyzing module IBUF_HD275
INFO: [VRFC 10-311] analyzing module IBUF_HD276
INFO: [VRFC 10-311] analyzing module IBUF_HD277
INFO: [VRFC 10-311] analyzing module IBUF_HD278
INFO: [VRFC 10-311] analyzing module IBUF_HD279
INFO: [VRFC 10-311] analyzing module IBUF_HD280
INFO: [VRFC 10-311] analyzing module IBUF_HD281
INFO: [VRFC 10-311] analyzing module IBUF_HD282
INFO: [VRFC 10-311] analyzing module IBUF_HD283
INFO: [VRFC 10-311] analyzing module IBUF_HD284
INFO: [VRFC 10-311] analyzing module IBUF_HD285
INFO: [VRFC 10-311] analyzing module IBUF_HD286
INFO: [VRFC 10-311] analyzing module IBUF_HD287
INFO: [VRFC 10-311] analyzing module IBUF_HD288
INFO: [VRFC 10-311] analyzing module mac_core
INFO: [VRFC 10-311] analyzing module glbl
INFO: [VRFC 10-2263] Analyzing Verilog file "C:/Users/nguye/Desktop/LAB/SoC/BTL/mac-tvla-verification/mac_core/mac_core.srcs/sources_1/imports/mac-tvla-verification/tb/tb_mac_core.v" into library xil_defaultlib
INFO: [VRFC 10-311] analyzing module tb_mac_core
